This is pdfTeX, Version 3.14159265-2.6-1.40.20 (TeX Live 2019/Debian) (preloaded format=pdflatex 2023.1.22)  9 MAR 2023 13:19
entering extended mode
 restricted \write18 enabled.
 file:line:error style messages enabled.
 %&-line parsing enabled.
**/home/tylman/github/Machine_Learning/Hw4/Latex/writeup_hw4.tex
(/home/tylman/github/Machine_Learning/Hw4/Latex/writeup_hw4.tex
LaTeX2e <2020-02-02> patch level 2
L3 programming layer <2020-02-14> (/usr/share/texlive/texmf-dist/tex/latex/base/article.cls
Document Class: article 2019/12/20 v1.4l Standard LaTeX document class
(/usr/share/texlive/texmf-dist/tex/latex/base/size12.clo
File: size12.clo 2019/12/20 v1.4l Standard LaTeX file (size option)
)
\c@part=\count167
\c@section=\count168
\c@subsection=\count169
\c@subsubsection=\count170
\c@paragraph=\count171
\c@subparagraph=\count172
\c@figure=\count173
\c@table=\count174
\abovecaptionskip=\skip47
\belowcaptionskip=\skip48
\bibindent=\dimen134
) (/usr/share/texlive/texmf-dist/tex/latex/geometry/geometry.sty
Package: geometry 2020/01/02 v5.9 Page Geometry
 (/usr/share/texlive/texmf-dist/tex/latex/graphics/keyval.sty
Package: keyval 2014/10/28 v1.15 key=value parser (DPC)
\KV@toks@=\toks14
) (/usr/share/texlive/texmf-dist/tex/generic/iftex/ifvtex.sty
Package: ifvtex 2019/10/25 v1.7 ifvtex legacy package. Use iftex instead.
 (/usr/share/texlive/texmf-dist/tex/generic/iftex/iftex.sty
Package: iftex 2019/11/07 v1.0c TeX engine tests
))
\Gm@cnth=\count175
\Gm@cntv=\count176
\c@Gm@tempcnt=\count177
\Gm@bindingoffset=\dimen135
\Gm@wd@mp=\dimen136
\Gm@odd@mp=\dimen137
\Gm@even@mp=\dimen138
\Gm@layoutwidth=\dimen139
\Gm@layoutheight=\dimen140
\Gm@layouthoffset=\dimen141
\Gm@layoutvoffset=\dimen142
\Gm@dimlist=\toks15
) (/usr/share/texlive/texmf-dist/tex/latex/graphics/graphicx.sty
Package: graphicx 2019/11/30 v1.2a Enhanced LaTeX Graphics (DPC,SPQR)
 (/usr/share/texlive/texmf-dist/tex/latex/graphics/graphics.sty
Package: graphics 2019/11/30 v1.4a Standard LaTeX Graphics (DPC,SPQR)
 (/usr/share/texlive/texmf-dist/tex/latex/graphics/trig.sty
Package: trig 2016/01/03 v1.10 sin cos tan (DPC)
) (/usr/share/texlive/texmf-dist/tex/latex/graphics-cfg/graphics.cfg
File: graphics.cfg 2016/06/04 v1.11 sample graphics configuration
)
Package graphics Info: Driver file: pdftex.def on input line 105.
 (/usr/share/texlive/texmf-dist/tex/latex/graphics-def/pdftex.def
File: pdftex.def 2018/01/08 v1.0l Graphics/color driver for pdftex
))
\Gin@req@height=\dimen143
\Gin@req@width=\dimen144
) (/usr/share/texlive/texmf-dist/tex/latex/booktabs/booktabs.sty
Package: booktabs 2020/01/12 v1.61803398 Publication quality tables
\heavyrulewidth=\dimen145
\lightrulewidth=\dimen146
\cmidrulewidth=\dimen147
\belowrulesep=\dimen148
\belowbottomsep=\dimen149
\aboverulesep=\dimen150
\abovetopsep=\dimen151
\cmidrulesep=\dimen152
\cmidrulekern=\dimen153
\defaultaddspace=\dimen154
\@cmidla=\count178
\@cmidlb=\count179
\@aboverulesep=\dimen155
\@belowrulesep=\dimen156
\@thisruleclass=\count180
\@lastruleclass=\count181
\@thisrulewidth=\dimen157
) (/usr/share/texlive/texmf-dist/tex/latex/listings/listings.sty
\lst@mode=\count182
\lst@gtempboxa=\box45
\lst@token=\toks16
\lst@length=\count183
\lst@currlwidth=\dimen158
\lst@column=\count184
\lst@pos=\count185
\lst@lostspace=\dimen159
\lst@width=\dimen160
\lst@newlines=\count186
\lst@lineno=\count187
\lst@maxwidth=\dimen161
 (/usr/share/texlive/texmf-dist/tex/latex/listings/lstmisc.sty
File: lstmisc.sty 2019/09/10 1.8c (Carsten Heinz)
\c@lstnumber=\count188
\lst@skipnumbers=\count189
\lst@framebox=\box46
) (/usr/share/texlive/texmf-dist/tex/latex/listings/listings.cfg
File: listings.cfg 2019/09/10 1.8c listings configuration
))
Package: listings 2019/09/10 1.8c (Carsten Heinz)
 (/usr/share/texlive/texmf-dist/tex/latex/graphics/color.sty
Package: color 2019/11/23 v1.2a Standard LaTeX Color (DPC)
 (/usr/share/texlive/texmf-dist/tex/latex/graphics-cfg/color.cfg
File: color.cfg 2016/01/02 v1.6 sample color configuration
)
Package color Info: Driver file: pdftex.def on input line 147.
) (/usr/share/texlive/texmf-dist/tex/latex/listings/lstlang1.sty
File: lstlang1.sty 2019/09/10 1.8c listings language file
) (/usr/share/texlive/texmf-dist/tex/latex/caption/subcaption.sty
Package: subcaption 2020/01/22 v1.3d Sub-captions (AR)
 (/usr/share/texlive/texmf-dist/tex/latex/caption/caption.sty
Package: caption 2020/01/03 v3.4h Customizing captions (AR)
 (/usr/share/texlive/texmf-dist/tex/latex/caption/caption3.sty
Package: caption3 2020/01/03 v1.8h caption3 kernel (AR)
Package caption3 Info: TeX engine: e-TeX on input line 61.
\captionmargin=\dimen162
\captionmargin@=\dimen163
\captionwidth=\dimen164
\caption@tempdima=\dimen165
\caption@indent=\dimen166
\caption@parindent=\dimen167
\caption@hangindent=\dimen168
Package caption Info: Standard document class detected.
)
\c@caption@flags=\count190
\c@continuedfloat=\count191
Package caption Info: listings package is loaded.
)
\c@subfigure=\count192
\c@subtable=\count193
) (/usr/share/texlive/texmf-dist/tex/latex/hyperref/hyperref.sty
Package: hyperref 2020/01/14 v7.00d Hypertext links for LaTeX
 (/usr/share/texlive/texmf-dist/tex/generic/ltxcmds/ltxcmds.sty
Package: ltxcmds 2019/12/15 v1.24 LaTeX kernel commands for general use (HO)
) (/usr/share/texlive/texmf-dist/tex/latex/pdftexcmds/pdftexcmds.sty
Package: pdftexcmds 2019/11/24 v0.31 Utility functions of pdfTeX for LuaTeX (HO)
 (/usr/share/texlive/texmf-dist/tex/generic/infwarerr/infwarerr.sty
Package: infwarerr 2019/12/03 v1.5 Providing info/warning/error messages (HO)
)
Package pdftexcmds Info: \pdf@primitive is available.
Package pdftexcmds Info: \pdf@ifprimitive is available.
Package pdftexcmds Info: \pdfdraftmode found.
) (/usr/share/texlive/texmf-dist/tex/generic/kvsetkeys/kvsetkeys.sty
Package: kvsetkeys 2019/12/15 v1.18 Key value parser (HO)
) (/usr/share/texlive/texmf-dist/tex/generic/kvdefinekeys/kvdefinekeys.sty
Package: kvdefinekeys 2019-12-19 v1.6 Define keys (HO)
) (/usr/share/texlive/texmf-dist/tex/generic/pdfescape/pdfescape.sty
Package: pdfescape 2019/12/09 v1.15 Implements pdfTeX's escape features (HO)
) (/usr/share/texlive/texmf-dist/tex/latex/hycolor/hycolor.sty
Package: hycolor 2020-01-27 v1.10 Color options for hyperref/bookmark (HO)
) (/usr/share/texlive/texmf-dist/tex/latex/letltxmacro/letltxmacro.sty
Package: letltxmacro 2019/12/03 v1.6 Let assignment for LaTeX macros (HO)
) (/usr/share/texlive/texmf-dist/tex/latex/auxhook/auxhook.sty
Package: auxhook 2019-12-17 v1.6 Hooks for auxiliary files (HO)
) (/usr/share/texlive/texmf-dist/tex/latex/kvoptions/kvoptions.sty
Package: kvoptions 2019/11/29 v3.13 Key value format for package options (HO)
)
\@linkdim=\dimen169
\Hy@linkcounter=\count194
\Hy@pagecounter=\count195
 (/usr/share/texlive/texmf-dist/tex/latex/hyperref/pd1enc.def
File: pd1enc.def 2020/01/14 v7.00d Hyperref: PDFDocEncoding definition (HO)
Now handling font encoding PD1 ...
... no UTF-8 mapping file for font encoding PD1
) (/usr/share/texlive/texmf-dist/tex/generic/intcalc/intcalc.sty
Package: intcalc 2019/12/15 v1.3 Expandable calculations with integers (HO)
) (/usr/share/texlive/texmf-dist/tex/generic/etexcmds/etexcmds.sty
Package: etexcmds 2019/12/15 v1.7 Avoid name clashes with e-TeX commands (HO)
)
\Hy@SavedSpaceFactor=\count196
\pdfmajorversion=\count197
Package hyperref Info: Hyper figures OFF on input line 4547.
Package hyperref Info: Link nesting OFF on input line 4552.
Package hyperref Info: Hyper index ON on input line 4555.
Package hyperref Info: Plain pages OFF on input line 4562.
Package hyperref Info: Backreferencing OFF on input line 4567.
Package hyperref Info: Implicit mode ON; LaTeX internals redefined.
Package hyperref Info: Bookmarks ON on input line 4800.
\c@Hy@tempcnt=\count198
 (/usr/share/texlive/texmf-dist/tex/latex/url/url.sty
\Urlmuskip=\muskip16
Package: url 2013/09/16  ver 3.4  Verb mode for urls, etc.
)
LaTeX Info: Redefining \url on input line 5159.
\XeTeXLinkMargin=\dimen170
 (/usr/share/texlive/texmf-dist/tex/generic/bitset/bitset.sty
Package: bitset 2019/12/09 v1.3 Handle bit-vector datatype (HO)
 (/usr/share/texlive/texmf-dist/tex/generic/bigintcalc/bigintcalc.sty
Package: bigintcalc 2019/12/15 v1.5 Expandable calculations on big integers (HO)
))
\Fld@menulength=\count199
\Field@Width=\dimen171
\Fld@charsize=\dimen172
Package hyperref Info: Hyper figures OFF on input line 6430.
Package hyperref Info: Link nesting OFF on input line 6435.
Package hyperref Info: Hyper index ON on input line 6438.
Package hyperref Info: backreferencing OFF on input line 6445.
Package hyperref Info: Link coloring OFF on input line 6450.
Package hyperref Info: Link coloring with OCG OFF on input line 6455.
Package hyperref Info: PDF/A mode OFF on input line 6460.
LaTeX Info: Redefining \ref on input line 6500.
LaTeX Info: Redefining \pageref on input line 6504.
 (/usr/share/texlive/texmf-dist/tex/generic/atbegshi/atbegshi.sty
Package: atbegshi 2019/12/05 v1.19 At begin shipout hook (HO)
)
\Hy@abspage=\count266
\c@Item=\count267
\c@Hfootnote=\count268
)
Package hyperref Info: Driver (autodetected): hpdftex.
 (/usr/share/texlive/texmf-dist/tex/latex/hyperref/hpdftex.def
File: hpdftex.def 2020/01/14 v7.00d Hyperref driver for pdfTeX
 (/usr/share/texlive/texmf-dist/tex/latex/atveryend/atveryend.sty
Package: atveryend 2019-12-11 v1.11 Hooks at the very end of document (HO)
Package atveryend Info: \enddocument detected (standard20110627).
)
\Fld@listcount=\count269
\c@bookmark@seq@number=\count270
 (/usr/share/texlive/texmf-dist/tex/latex/rerunfilecheck/rerunfilecheck.sty
Package: rerunfilecheck 2019/12/05 v1.9 Rerun checks for auxiliary files (HO)
 (/usr/share/texlive/texmf-dist/tex/generic/uniquecounter/uniquecounter.sty
Package: uniquecounter 2019/12/15 v1.4 Provide unlimited unique counter (HO)
)
Package uniquecounter Info: New unique counter `rerunfilecheck' on input line 286.
)
\Hy@SectionHShift=\skip49
)
Package hyperref Info: Option `colorlinks' set `true' on input line 38.
 (/usr/share/texlive/texmf-dist/tex/latex/base/inputenc.sty
Package: inputenc 2018/08/11 v1.3c Input encoding file
\inpenc@prehook=\toks17
\inpenc@posthook=\toks18
) (/usr/share/texlive/texmf-dist/tex/latex/l3backend/l3backend-pdfmode.def
File: l3backend-pdfmode.def 2020-02-03 L3 backend support: PDF mode
\l__kernel_color_stack_int=\count271
\l__pdf_internal_box=\box47
) (/home/tylman/github/Machine_Learning/Hw4/Latex/writeup_hw4.aux)
\openout1 = `writeup_hw4.aux'.

LaTeX Font Info:    Checking defaults for OML/cmm/m/it on input line 50.
LaTeX Font Info:    ... okay on input line 50.
LaTeX Font Info:    Checking defaults for OMS/cmsy/m/n on input line 50.
LaTeX Font Info:    ... okay on input line 50.
LaTeX Font Info:    Checking defaults for OT1/cmr/m/n on input line 50.
LaTeX Font Info:    ... okay on input line 50.
LaTeX Font Info:    Checking defaults for T1/cmr/m/n on input line 50.
LaTeX Font Info:    ... okay on input line 50.
LaTeX Font Info:    Checking defaults for TS1/cmr/m/n on input line 50.
LaTeX Font Info:    ... okay on input line 50.
LaTeX Font Info:    Checking defaults for OMX/cmex/m/n on input line 50.
LaTeX Font Info:    ... okay on input line 50.
LaTeX Font Info:    Checking defaults for U/cmr/m/n on input line 50.
LaTeX Font Info:    ... okay on input line 50.
LaTeX Font Info:    Checking defaults for PD1/pdf/m/n on input line 50.
LaTeX Font Info:    ... okay on input line 50.

*geometry* driver: auto-detecting
*geometry* detected driver: pdftex
*geometry* verbose mode - [ preamble ] result:
* driver: pdftex
* paper: a4paper
* layout: <same size as paper>
* layoutoffset:(h,v)=(0.0pt,0.0pt)
* modes: 
* h-part:(L,W,R)=(36.135pt, 525.23788pt, 36.135pt)
* v-part:(T,H,B)=(36.135pt, 772.77686pt, 36.135pt)
* \paperwidth=597.50787pt
* \paperheight=845.04684pt
* \textwidth=525.23788pt
* \textheight=772.77686pt
* \oddsidemargin=-36.135pt
* \evensidemargin=-36.135pt
* \topmargin=-73.135pt
* \headheight=12.0pt
* \headsep=25.0pt
* \topskip=12.0pt
* \footskip=30.0pt
* \marginparwidth=44.0pt
* \marginparsep=10.0pt
* \columnsep=10.0pt
* \skip\footins=10.8pt plus 4.0pt minus 2.0pt
* \hoffset=0.0pt
* \voffset=0.0pt
* \mag=1000
* \@twocolumnfalse
* \@twosidefalse
* \@mparswitchfalse
* \@reversemarginfalse
* (1in=72.27pt=25.4mm, 1cm=28.453pt)

(/usr/share/texlive/texmf-dist/tex/context/base/mkii/supp-pdf.mkii
[Loading MPS to PDF converter (version 2006.09.02).]
\scratchcounter=\count272
\scratchdimen=\dimen173
\scratchbox=\box48
\nofMPsegments=\count273
\nofMParguments=\count274
\everyMPshowfont=\toks19
\MPscratchCnt=\count275
\MPscratchDim=\dimen174
\MPnumerator=\count276
\makeMPintoPDFobject=\count277
\everyMPtoPDFconversion=\toks20
) (/usr/share/texlive/texmf-dist/tex/latex/epstopdf-pkg/epstopdf-base.sty
Package: epstopdf-base 2020-01-24 v2.11 Base part for package epstopdf
 (/usr/share/texlive/texmf-dist/tex/latex/grfext/grfext.sty
Package: grfext 2019/12/03 v1.3 Manage graphics extensions (HO)
)
Package epstopdf-base Info: Redefining graphics rule for `.eps' on input line 485.
Package grfext Info: Graphics extension search list:
(grfext)             [.pdf,.png,.jpg,.mps,.jpeg,.jbig2,.jb2,.PDF,.PNG,.JPG,.JPEG,.JBIG2,.JB2,.eps]
(grfext)             \AppendGraphicsExtensions on input line 504.
 (/usr/share/texlive/texmf-dist/tex/latex/latexconfig/epstopdf-sys.cfg
File: epstopdf-sys.cfg 2010/07/13 v1.3 Configuration of (r)epstopdf for TeX Live
))
\c@lstlisting=\count278
Package caption Info: Begin \AtBeginDocument code.
Package caption Info: hyperref package is loaded.
Package caption Info: End \AtBeginDocument code.
\AtBeginShipoutBox=\box49
Package hyperref Info: Link coloring ON on input line 50.
 (/usr/share/texlive/texmf-dist/tex/latex/hyperref/nameref.sty
Package: nameref 2019/09/16 v2.46 Cross-referencing by name of section
 (/usr/share/texlive/texmf-dist/tex/latex/refcount/refcount.sty
Package: refcount 2019/12/15 v3.6 Data extraction from label references (HO)
) (/usr/share/texlive/texmf-dist/tex/generic/gettitlestring/gettitlestring.sty
Package: gettitlestring 2019/12/15 v1.6 Cleanup title references (HO)
)
\c@section@level=\count279
)
LaTeX Info: Redefining \ref on input line 50.
LaTeX Info: Redefining \pageref on input line 50.
LaTeX Info: Redefining \nameref on input line 50.
 (/home/tylman/github/Machine_Learning/Hw4/Latex/writeup_hw4.out) (/home/tylman/github/Machine_Learning/Hw4/Latex/writeup_hw4.out)
\@outlinefile=\write3
\openout3 = `writeup_hw4.out'.

LaTeX Font Info:    External font `cmex10' loaded for size
(Font)              <14.4> on input line 51.
LaTeX Font Info:    External font `cmex10' loaded for size
(Font)              <7> on input line 51.
<../results_second/svm/param_clf__degree_mean_score_param_clf__C.png, id=29, 462.528pt x 346.896pt>
File: ../results_second/svm/param_clf__degree_mean_score_param_clf__C.png Graphic file (type png)
<use ../results_second/svm/param_clf__degree_mean_score_param_clf__C.png>
Package pdftex.def Info: ../results_second/svm/param_clf__degree_mean_score_param_clf__C.png  used on input line 69.
(pdftex.def)             Requested size: 249.48718pt x 187.1199pt.
LaTeX Font Info:    External font `cmex10' loaded for size
(Font)              <12> on input line 71.
LaTeX Font Info:    External font `cmex10' loaded for size
(Font)              <8> on input line 71.
LaTeX Font Info:    External font `cmex10' loaded for size
(Font)              <6> on input line 71.
<../results_second/svm/param_clf__kernel_mean_score_param_clf__gamma.png, id=31, 462.528pt x 346.896pt>
File: ../results_second/svm/param_clf__kernel_mean_score_param_clf__gamma.png Graphic file (type png)
<use ../results_second/svm/param_clf__kernel_mean_score_param_clf__gamma.png>
Package pdftex.def Info: ../results_second/svm/param_clf__kernel_mean_score_param_clf__gamma.png  used on input line 73.
(pdftex.def)             Requested size: 249.48718pt x 187.1199pt.
<../results_second/svm/param_scaler_mean_score_param_clf__C.png, id=32, 462.528pt x 346.896pt>
File: ../results_second/svm/param_scaler_mean_score_param_clf__C.png Graphic file (type png)
<use ../results_second/svm/param_scaler_mean_score_param_clf__C.png>
Package pdftex.def Info: ../results_second/svm/param_scaler_mean_score_param_clf__C.png  used on input line 77.
(pdftex.def)             Requested size: 249.48718pt x 187.1199pt.
<../results_second/mlp/param_scaler_mean_score_param_clf__learning_rate_init.png, id=33, 462.528pt x 346.896pt>
File: ../results_second/mlp/param_scaler_mean_score_param_clf__learning_rate_init.png Graphic file (type png)
<use ../results_second/mlp/param_scaler_mean_score_param_clf__learning_rate_init.png>
Package pdftex.def Info: ../results_second/mlp/param_scaler_mean_score_param_clf__learning_rate_init.png  used on input line 81.
(pdftex.def)             Requested size: 249.48718pt x 187.1199pt.
<../results/svm/param_clf__kernel_mean_score_param_clf__C.png, id=36, 462.528pt x 346.896pt>
File: ../results/svm/param_clf__kernel_mean_score_param_clf__C.png Graphic file (type png)
<use ../results/svm/param_clf__kernel_mean_score_param_clf__C.png>
Package pdftex.def Info: ../results/svm/param_clf__kernel_mean_score_param_clf__C.png  used on input line 108.
(pdftex.def)             Requested size: 249.48718pt x 187.1199pt.
<../results/svm/param_clf__kernel_mean_score_param_clf__gamma.png, id=37, 462.528pt x 346.896pt>
File: ../results/svm/param_clf__kernel_mean_score_param_clf__gamma.png Graphic file (type png)
<use ../results/svm/param_clf__kernel_mean_score_param_clf__gamma.png>
Package pdftex.def Info: ../results/svm/param_clf__kernel_mean_score_param_clf__gamma.png  used on input line 112.
(pdftex.def)             Requested size: 249.48718pt x 187.1199pt.
<../results/mlp/param_clf__hidden_layer_sizes_mean_score_param_clf__alpha.png, id=38, 462.528pt x 346.896pt>
File: ../results/mlp/param_clf__hidden_layer_sizes_mean_score_param_clf__alpha.png Graphic file (type png)
<use ../results/mlp/param_clf__hidden_layer_sizes_mean_score_param_clf__alpha.png>
Package pdftex.def Info: ../results/mlp/param_clf__hidden_layer_sizes_mean_score_param_clf__alpha.png  used on input line 116.
(pdftex.def)             Requested size: 249.48718pt x 187.1199pt.
<../results/mlp/param_clf__hidden_layer_sizes_mean_score_param_clf__learning_rate_init.png, id=39, 462.528pt x 346.896pt>
File: ../results/mlp/param_clf__hidden_layer_sizes_mean_score_param_clf__learning_rate_init.png Graphic file (type png)
<use ../results/mlp/param_clf__hidden_layer_sizes_mean_score_param_clf__learning_rate_init.png>
Package pdftex.def Info: ../results/mlp/param_clf__hidden_layer_sizes_mean_score_param_clf__learning_rate_init.png  used on input line 120.
(pdftex.def)             Requested size: 249.48718pt x 187.1199pt.
 (/home/tylman/github/Machine_Learning/Hw4/Latex/../results/all_best.tex
LaTeX Font Info:    Trying to load font information for OMS+cmr on input line 10.
 (/usr/share/texlive/texmf-dist/tex/latex/base/omscmr.fd
File: omscmr.fd 2019/12/16 v2.5j Standard LaTeX font definitions
)
LaTeX Font Info:    Font shape `OMS/cmr/m/n' in size <12> not available
(Font)              Font shape `OMS/cmsy/m/n' tried instead on input line 10.
) [1

{/var/lib/texmf/fonts/map/pdftex/updmap/pdftex.map}] [2 <../results_second/svm/param_clf__degree_mean_score_param_clf__C.png> <../results_second/svm/param_clf__kernel_mean_score_param_clf__gamma.png> <../results_second/svm/param_scaler_mean_score_param_clf__C.png> <../results_second/mlp/param_scaler_mean_score_param_clf__learning_rate_init.png>] [3 <../results/svm/param_clf__kernel_mean_score_param_clf__C.png> <../results/svm/param_clf__kernel_mean_score_param_clf__gamma.png> <../results/mlp/param_clf__hidden_layer_sizes_mean_score_param_clf__alpha.png> <../results/mlp/param_clf__hidden_layer_sizes_mean_score_param_clf__learning_rate_init.png>]
<../results/svm/param_clf__kernel_mean_fit_time_param_clf__gamma.png, id=70, 462.528pt x 346.896pt>
File: ../results/svm/param_clf__kernel_mean_fit_time_param_clf__gamma.png Graphic file (type png)
<use ../results/svm/param_clf__kernel_mean_fit_time_param_clf__gamma.png>
Package pdftex.def Info: ../results/svm/param_clf__kernel_mean_fit_time_param_clf__gamma.png  used on input line 144.
(pdftex.def)             Requested size: 249.48718pt x 187.1199pt.
<../results/svm/param_clf__kernel_mean_fit_time_param_clf__C.png, id=71, 462.528pt x 346.896pt>
File: ../results/svm/param_clf__kernel_mean_fit_time_param_clf__C.png Graphic file (type png)
<use ../results/svm/param_clf__kernel_mean_fit_time_param_clf__C.png>
Package pdftex.def Info: ../results/svm/param_clf__kernel_mean_fit_time_param_clf__C.png  used on input line 148.
(pdftex.def)             Requested size: 249.48718pt x 187.1199pt.
<../results/difficulties.png, id=73, 534.798pt x 642.4803pt>
File: ../results/difficulties.png Graphic file (type png)
<use ../results/difficulties.png>
Package pdftex.def Info: ../results/difficulties.png  used on input line 180.
(pdftex.def)             Requested size: 498.97438pt x 599.45139pt.
 [4 <../results/svm/param_clf__kernel_mean_fit_time_param_clf__gamma.png> <../results/svm/param_clf__kernel_mean_fit_time_param_clf__C.png>]
<../results/Types_images.png, id=81, 445.1832pt x 333.1647pt>
File: ../results/Types_images.png Graphic file (type png)
<use ../results/Types_images.png>
Package pdftex.def Info: ../results/Types_images.png  used on input line 186.
(pdftex.def)             Requested size: 498.97438pt x 373.44185pt.
 (/home/tylman/github/Machine_Learning/Hw4/Latex/../results/plot_table.tex) (/home/tylman/github/Machine_Learning/Hw4/Latex/../results/full_table.tex) [5] [6 <../results/difficulties.png>] [7 <../results/Types_images.png>]
Package atveryend Info: Empty hook `BeforeClearDocument' on input line 247.
 [8]
Package atveryend Info: Empty hook `AfterLastShipout' on input line 247.
 (/home/tylman/github/Machine_Learning/Hw4/Latex/writeup_hw4.aux)
Package atveryend Info: Executing hook `AtVeryEndDocument' on input line 247.
Package atveryend Info: Executing hook `AtEndAfterFileList' on input line 247.
Package rerunfilecheck Info: File `writeup_hw4.out' has not changed.
(rerunfilecheck)             Checksum: C1B1F8A06ED006EDC6FE494B763D151C;311.
Package atveryend Info: Empty hook `AtVeryVeryEnd' on input line 247.
 ) 
Here is how much of TeX's memory you used:
 8427 strings out of 481239
 135868 string characters out of 5920377
 498732 words of memory out of 5000000
 23528 multiletter control sequences out of 15000+600000
 537499 words of font info for 41 fonts, out of 8000000 for 9000
 1141 hyphenation exceptions out of 8191
 48i,10n,46p,347b,465s stack positions out of 5000i,500n,10000p,200000b,80000s
</usr/share/texlive/texmf-dist/fonts/type1/public/amsfonts/cm/cmbx12.pfb></usr/share/texlive/texmf-dist/fonts/type1/public/amsfonts/cm/cmr10.pfb></usr/share/texlive/texmf-dist/fonts/type1/public/amsfonts/cm/cmr12.pfb></usr/share/texlive/texmf-dist/fonts/type1/public/amsfonts/cm/cmr17.pfb></usr/share/texlive/texmf-dist/fonts/type1/public/amsfonts/cm/cmsy10.pfb>
Output written on /home/tylman/github/Machine_Learning/Hw4/Latex/writeup_hw4.pdf (8 pages, 666748 bytes).
PDF statistics:
 131 PDF objects out of 1000 (max. 8388607)
 91 compressed objects within 1 object stream
 23 named destinations out of 1000 (max. 500000)
 109 words of extra memory for PDF output out of 10000 (max. 10000000)

